<?xml version="1.0" encoding="UTF-8"?>
<!-- Generated by org.testng.reporters.JUnitReportReporter -->
<testsuite hostname="LAPTOP-ND89RSBU" failures="0" tests="2" name="com.assignment.RecentlyPlayedSongsStoreTest" time="0.022" errors="0" timestamp="2023-07-31T21:42:54 IST" skipped="0">
  <testcase classname="com.assignment.RecentlyPlayedSongsStoreTest" name="testAddRecentlyPlayedSongs" time="0.020"/>
  <system-out/>
  <testcase classname="com.assignment.RecentlyPlayedSongsStoreTest" name="testGetRecentlyPlayedSongsNonExistentUser" time="0.002"/>
  <system-out/>
</testsuite> <!-- com.assignment.RecentlyPlayedSongsStoreTest -->
